Log file open, 09/07/16 20:40:32
LogInit:Display: Running engine for game: VR
LogPlatformFile: Not using cached read wrapper
LogInit:Display: RandInit(-1566841790) SRandInit(-1566841790).
LogTaskGraph: Started task graph with 5 named threads and 8 total threads with 1 sets of task threads.
LogStats: Stats thread started at 0.061049
LogPluginManager: Loaded Plugin Paper2D, From G:/Program Files (x86)/Epic Games/4.13/Engine/Plugins/2D/Paper2D/Paper2D.uplugin
LogPluginManager: Loaded Plugin LightPropagationVolume, From G:/Program Files (x86)/Epic Games/4.13/Engine/Plugins/Blendables/LightPropagationVolume/LightPropagationVolume.uplugin
LogPluginManager: Loaded Plugin BlankPlugin, From G:/Program Files (x86)/Epic Games/4.13/Engine/Plugins/Developer/BlankPlugin/BlankPlugin.uplugin
LogPluginManager: Loaded Plugin CodeLiteSourceCodeAccess, From G:/Program Files (x86)/Epic Games/4.13/Engine/Plugins/Developer/CodeLiteSourceCodeAccess/CodeLiteSourceCodeAccess.uplugin
LogPluginManager: Loaded Plugin GitSourceControl, From G:/Program Files (x86)/Epic Games/4.13/Engine/Plugins/Developer/GitSourceControl/GitSourceControl.uplugin
LogPluginManager: Loaded Plugin KDevelopSourceCodeAccess, From G:/Program Files (x86)/Epic Games/4.13/Engine/Plugins/Developer/KDevelopSourceCodeAccess/KDevelopSourceCodeAccess.uplugin
LogPluginManager: Loaded Plugin NullSourceCodeAccess, From G:/Program Files (x86)/Epic Games/4.13/Engine/Plugins/Developer/NullSourceCodeAccess/NullSourceCodeAccess.uplugin
LogPluginManager: Loaded Plugin OneSkyLocalizationService, From G:/Program Files (x86)/Epic Games/4.13/Engine/Plugins/Developer/OneSkyLocalizationService/OneSkyLocalizationService.uplugin
LogPluginManager: Loaded Plugin PerforceSourceControl, From G:/Program Files (x86)/Epic Games/4.13/Engine/Plugins/Developer/PerforceSourceControl/PerforceSourceControl.uplugin
LogPluginManager: Loaded Plugin SubversionSourceControl, From G:/Program Files (x86)/Epic Games/4.13/Engine/Plugins/Developer/SubversionSourceControl/SubversionSourceControl.uplugin
LogPluginManager: Loaded Plugin UObjectPlugin, From G:/Program Files (x86)/Epic Games/4.13/Engine/Plugins/Developer/UObjectPlugin/UObjectPlugin.uplugin
LogPluginManager: Loaded Plugin VisualStudioSourceCodeAccess, From G:/Program Files (x86)/Epic Games/4.13/Engine/Plugins/Developer/VisualStudioSourceCodeAccess/VisualStudioSourceCodeAccess.uplugin
LogPluginManager: Loaded Plugin XCodeSourceCodeAccess, From G:/Program Files (x86)/Epic Games/4.13/Engine/Plugins/Developer/XCodeSourceCodeAccess/XCodeSourceCodeAccess.uplugin
LogPluginManager: Loaded Plugin EpicSurvey, From G:/Program Files (x86)/Epic Games/4.13/Engine/Plugins/Editor/EpicSurvey/EpicSurvey.uplugin
LogPluginManager: Loaded Plugin MacGraphicsSwitching, From G:/Program Files (x86)/Epic Games/4.13/Engine/Plugins/Editor/MacGraphicsSwitching/MacGraphicsSwitching.uplugin
LogPluginManager: Loaded Plugin MobileLauncherProfileWizard, From G:/Program Files (x86)/Epic Games/4.13/Engine/Plugins/Editor/MobileLauncherProfileWizard/MobileLauncherProfileWizard.uplugin
LogPluginManager: Loaded Plugin PluginBrowser, From G:/Program Files (x86)/Epic Games/4.13/Engine/Plugins/Editor/PluginBrowser/PluginBrowser.uplugin
LogPluginManager: Loaded Plugin SpeedTreeImporter, From G:/Program Files (x86)/Epic Games/4.13/Engine/Plugins/Editor/SpeedTreeImporter/SpeedTreeImporter.uplugin
LogPluginManager: Loaded Plugin SuperSearchEditor, From G:/Program Files (x86)/Epic Games/4.13/Engine/Plugins/Editor/SuperSearchEditor/SuperSearchEditor.uplugin
LogPluginManager: Loaded Plugin AlembicImporter, From G:/Program Files (x86)/Epic Games/4.13/Engine/Plugins/Experimental/AlembicImporter/AlembicImporter.uplugin
LogPluginManager: Loaded Plugin BlueprintStats, From G:/Program Files (x86)/Epic Games/4.13/Engine/Plugins/Experimental/BlueprintStats/BlueprintStats.uplugin
LogPluginManager: Loaded Plugin CharacterAI, From G:/Program Files (x86)/Epic Games/4.13/Engine/Plugins/Experimental/CharacterAI/CharacterAI.uplugin
LogPluginManager: Loaded Plugin CodeEditor, From G:/Program Files (x86)/Epic Games/4.13/Engine/Plugins/Experimental/CodeEditor/CodeEditor.uplugin
LogPluginManager: Loaded Plugin CodeView, From G:/Program Files (x86)/Epic Games/4.13/Engine/Plugins/Experimental/CodeView/CodeView.uplugin
LogPluginManager: Loaded Plugin HTML5Networking, From G:/Program Files (x86)/Epic Games/4.13/Engine/Plugins/Experimental/HTML5Networking/HTML5Networking.uplugin
LogPluginManager: Loaded Plugin LiveEditor, From G:/Program Files (x86)/Epic Games/4.13/Engine/Plugins/Experimental/LiveEditor/LiveEditor.uplugin
LogPluginManager: Loaded Plugin OSVR, From G:/Program Files (x86)/Epic Games/4.13/Engine/Plugins/Experimental/OSVR/OSVR.uplugin
LogPluginManager: Loaded Plugin Phya, From G:/Program Files (x86)/Epic Games/4.13/Engine/Plugins/Experimental/Phya/Phya.uplugin
LogPluginManager: Loaded Plugin SignificanceManager, From G:/Program Files (x86)/Epic Games/4.13/Engine/Plugins/Experimental/SignificanceManager/SignificanceManager.uplugin
LogPluginManager: Loaded Plugin SimpleHMD, From G:/Program Files (x86)/Epic Games/4.13/Engine/Plugins/Experimental/SimpleHMD/SimpleHMD.uplugin
LogPluginManager: Loaded Plugin StereoPanorama, From G:/Program Files (x86)/Epic Games/4.13/Engine/Plugins/Experimental/StereoPanorama/StereoPanorama.uplugin
LogPluginManager: Loaded Plugin StructBox, From G:/Program Files (x86)/Epic Games/4.13/Engine/Plugins/Experimental/StructBox/StructBox.uplugin
LogPluginManager: Loaded Plugin AndroidMedia, From G:/Program Files (x86)/Epic Games/4.13/Engine/Plugins/Media/AndroidMedia/AndroidMedia.uplugin
LogPluginManager: Loaded Plugin AvfMedia, From G:/Program Files (x86)/Epic Games/4.13/Engine/Plugins/Media/AvfMedia/AvfMedia.uplugin
LogPluginManager: Loaded Plugin MediaPlayerEditor, From G:/Program Files (x86)/Epic Games/4.13/Engine/Plugins/Media/MediaPlayerEditor/MediaPlayerEditor.uplugin
LogPluginManager: Loaded Plugin WmfMedia, From G:/Program Files (x86)/Epic Games/4.13/Engine/Plugins/Media/WmfMedia/WmfMedia.uplugin
LogPluginManager: Loaded Plugin MessagingDebugger, From G:/Program Files (x86)/Epic Games/4.13/Engine/Plugins/Messaging/MessagingDebugger/MessagingDebugger.uplugin
LogPluginManager: Loaded Plugin TcpMessaging, From G:/Program Files (x86)/Epic Games/4.13/Engine/Plugins/Messaging/TcpMessaging/TcpMessaging.uplugin
LogPluginManager: Loaded Plugin UdpMessaging, From G:/Program Files (x86)/Epic Games/4.13/Engine/Plugins/Messaging/UdpMessaging/UdpMessaging.uplugin
LogPluginManager: Loaded Plugin LevelSequenceEditor, From G:/Program Files (x86)/Epic Games/4.13/Engine/Plugins/MovieScene/LevelSequenceEditor/LevelSequenceEditor.uplugin
LogPluginManager: Loaded Plugin MatineeToLevelSequence, From G:/Program Files (x86)/Epic Games/4.13/Engine/Plugins/MovieScene/MatineeToLevelSequence/MatineeToLevelSequence.uplugin
LogPluginManager: Loaded Plugin NetcodeUnitTest, From G:/Program Files (x86)/Epic Games/4.13/Engine/Plugins/NetcodeUnitTest/NetcodeUnitTest/NetcodeUnitTest.uplugin
LogPluginManager: Loaded Plugin NUTUnrealEngine4, From G:/Program Files (x86)/Epic Games/4.13/Engine/Plugins/NetcodeUnitTest/NUTUnrealEngine4/NUTUnrealEngine4.uplugin
LogPluginManager: Loaded Plugin OnlineSubsystemGooglePlay, From G:/Program Files (x86)/Epic Games/4.13/Engine/Plugins/Online/Android/OnlineSubsystemGooglePlay/OnlineSubsystemGooglePlay.uplugin
LogPluginManager: Loaded Plugin OnlineSubsystemIOS, From G:/Program Files (x86)/Epic Games/4.13/Engine/Plugins/Online/IOS/OnlineSubsystemIOS/OnlineSubsystemIOS.uplugin
LogPluginManager: Loaded Plugin OnlineFramework, From G:/Program Files (x86)/Epic Games/4.13/Engine/Plugins/Online/OnlineFramework/OnlineFramework.uplugin
LogPluginManager: Loaded Plugin OnlineSubsystem, From G:/Program Files (x86)/Epic Games/4.13/Engine/Plugins/Online/OnlineSubsystem/OnlineSubsystem.uplugin
LogPluginManager: Loaded Plugin OnlineSubsystemAmazon, From G:/Program Files (x86)/Epic Games/4.13/Engine/Plugins/Online/OnlineSubsystemAmazon/OnlineSubsystemAmazon.uplugin
LogPluginManager: Loaded Plugin OnlineSubsystemFacebook, From G:/Program Files (x86)/Epic Games/4.13/Engine/Plugins/Online/OnlineSubsystemFacebook/OnlineSubsystemFacebook.uplugin
LogPluginManager: Loaded Plugin OnlineSubsystemNull, From G:/Program Files (x86)/Epic Games/4.13/Engine/Plugins/Online/OnlineSubsystemNull/OnlineSubsystemNull.uplugin
LogPluginManager: Loaded Plugin OnlineSubsystemOculus, From G:/Program Files (x86)/Epic Games/4.13/Engine/Plugins/Online/OnlineSubsystemOculus/OnlineSubsystemOculus.uplugin
LogPluginManager: Loaded Plugin OnlineSubsystemSteam, From G:/Program Files (x86)/Epic Games/4.13/Engine/Plugins/Online/OnlineSubsystemSteam/OnlineSubsystemSteam.uplugin
LogPluginManager: Loaded Plugin OnlineSubsystemUtils, From G:/Program Files (x86)/Epic Games/4.13/Engine/Plugins/Online/OnlineSubsystemUtils/OnlineSubsystemUtils.uplugin
LogPluginManager: Loaded Plugin IOSTapJoy, From G:/Program Files (x86)/Epic Games/4.13/Engine/Plugins/Runtime/Advertising/IOSTapJoy/IOSTapJoy.uplugin
LogPluginManager: Loaded Plugin AnalyticsBlueprintLibrary, From G:/Program Files (x86)/Epic Games/4.13/Engine/Plugins/Runtime/Analytics/AnalyticsBlueprintLibrary/AnalyticsBlueprintLibrary.uplugin
LogPluginManager: Loaded Plugin AnalyticsMulticast, From G:/Program Files (x86)/Epic Games/4.13/Engine/Plugins/Runtime/Analytics/AnalyticsMulticast/AnalyticsMulticast.uplugin
LogPluginManager: Loaded Plugin Apsalar, From G:/Program Files (x86)/Epic Games/4.13/Engine/Plugins/Runtime/Analytics/Apsalar/Apsalar.uplugin
LogPluginManager: Loaded Plugin FileLogging, From G:/Program Files (x86)/Epic Games/4.13/Engine/Plugins/Runtime/Analytics/FileLogging/FileLogging.uplugin
LogPluginManager: Loaded Plugin Flurry, From G:/Program Files (x86)/Epic Games/4.13/Engine/Plugins/Runtime/Analytics/Flurry/Flurry.uplugin
LogPluginManager: Loaded Plugin AndroidDeviceProfileSelector, From G:/Program Files (x86)/Epic Games/4.13/Engine/Plugins/Runtime/AndroidDeviceProfileSelector/AndroidDeviceProfileSelector.uplugin
LogPluginManager: Loaded Plugin AndroidMoviePlayer, From G:/Program Files (x86)/Epic Games/4.13/Engine/Plugins/Runtime/AndroidMoviePlayer/AndroidMoviePlayer.uplugin
LogPluginManager: Loaded Plugin AppleMoviePlayer, From G:/Program Files (x86)/Epic Games/4.13/Engine/Plugins/Runtime/AppleMoviePlayer/AppleMoviePlayer.uplugin
LogPluginManager: Loaded Plugin ArchVisCharacter, From G:/Program Files (x86)/Epic Games/4.13/Engine/Plugins/Runtime/ArchVisCharacter/ArchVisCharacter.uplugin
LogPluginManager: Loaded Plugin CableComponent, From G:/Program Files (x86)/Epic Games/4.13/Engine/Plugins/Runtime/CableComponent/CableComponent.uplugin
LogPluginManager: Loaded Plugin CustomMeshComponent, From G:/Program Files (x86)/Epic Games/4.13/Engine/Plugins/Runtime/CustomMeshComponent/CustomMeshComponent.uplugin
LogPluginManager: Loaded Plugin ExampleDeviceProfileSelector, From G:/Program Files (x86)/Epic Games/4.13/Engine/Plugins/Runtime/ExampleDeviceProfileSelector/ExampleDeviceProfileSelector.uplugin
LogPluginManager: Loaded Plugin GearVR, From G:/Program Files (x86)/Epic Games/4.13/Engine/Plugins/Runtime/GearVR/GearVR.uplugin
LogPluginManager: Loaded Plugin GoogleVRController, From G:/Program Files (x86)/Epic Games/4.13/Engine/Plugins/Runtime/GoogleVR/GoogleVRController/GoogleVRController.uplugin
LogPluginManager: Loaded Plugin GoogleVRHMD, From G:/Program Files (x86)/Epic Games/4.13/Engine/Plugins/Runtime/GoogleVR/GoogleVRHMD/GoogleVRHMD.uplugin
LogPluginManager: Loaded Plugin IOSDeviceProfileSelector, From G:/Program Files (x86)/Epic Games/4.13/Engine/Plugins/Runtime/IOSDeviceProfileSelector/IOSDeviceProfileSelector.uplugin
LogPluginManager: Loaded Plugin LeapMotion, From G:/Program Files (x86)/Epic Games/4.13/Engine/Plugins/Runtime/LeapMotion/LeapMotion.uplugin
LogPluginManager: Loaded Plugin LinuxDeviceProfileSelector, From G:/Program Files (x86)/Epic Games/4.13/Engine/Plugins/Runtime/LinuxDeviceProfileSelector/LinuxDeviceProfileSelector.uplugin
LogPluginManager: Loaded Plugin LiveEditorListenServer, From G:/Program Files (x86)/Epic Games/4.13/Engine/Plugins/Runtime/LiveEditorListenServer/LiveEditorListenServer.uplugin
LogPluginManager: Loaded Plugin OculusAudio, From G:/Program Files (x86)/Epic Games/4.13/Engine/Plugins/Runtime/OculusAudio/OculusAudio.uplugin
LogPluginManager: Loaded Plugin OculusInput, From G:/Program Files (x86)/Epic Games/4.13/Engine/Plugins/Runtime/OculusInput/OculusInput.uplugin
LogPluginManager: Loaded Plugin OculusLibrary, From G:/Program Files (x86)/Epic Games/4.13/Engine/Plugins/Runtime/OculusLibrary/OculusLibrary.uplugin
LogPluginManager: Loaded Plugin OculusRift, From G:/Program Files (x86)/Epic Games/4.13/Engine/Plugins/Runtime/OculusRift/OculusRift.uplugin
LogPluginManager: Loaded Plugin Oodle, From G:/Program Files (x86)/Epic Games/4.13/Engine/Plugins/Runtime/PacketHandlers/CompressionComponents/Oodle/Oodle.uplugin
LogPluginManager: Loaded Plugin ProceduralMeshComponent, From G:/Program Files (x86)/Epic Games/4.13/Engine/Plugins/Runtime/ProceduralMeshComponent/ProceduralMeshComponent.uplugin
LogPluginManager: Loaded Plugin SoundMod, From G:/Program Files (x86)/Epic Games/4.13/Engine/Plugins/Runtime/SoundMod/SoundMod.uplugin
LogPluginManager: Loaded Plugin SoundVisualizations, From G:/Program Files (x86)/Epic Games/4.13/Engine/Plugins/Runtime/SoundVisualizations/SoundVisualizations.uplugin
LogPluginManager: Loaded Plugin SteamController, From G:/Program Files (x86)/Epic Games/4.13/Engine/Plugins/Runtime/Steam/SteamController/SteamController.uplugin
LogPluginManager: Loaded Plugin SteamVR, From G:/Program Files (x86)/Epic Games/4.13/Engine/Plugins/Runtime/Steam/SteamVR/SteamVR.uplugin
LogPluginManager: Loaded Plugin WebBrowserWidget, From G:/Program Files (x86)/Epic Games/4.13/Engine/Plugins/Runtime/WebBrowserWidget/WebBrowserWidget.uplugin
LogPluginManager: Loaded Plugin WindowsDeviceProfileSelector, From G:/Program Files (x86)/Epic Games/4.13/Engine/Plugins/Runtime/WindowsDeviceProfileSelector/WindowsDeviceProfileSelector.uplugin
LogPluginManager: Loaded Plugin WindowsMoviePlayer, From G:/Program Files (x86)/Epic Games/4.13/Engine/Plugins/Runtime/WindowsMoviePlayer/WindowsMoviePlayer.uplugin
LogPluginManager: Loaded Plugin ScriptPlugin, From G:/Program Files (x86)/Epic Games/4.13/Engine/Plugins/ScriptPlugin/ScriptPlugin.uplugin
LogPluginManager: Loaded Plugin SlateRemote, From G:/Program Files (x86)/Epic Games/4.13/Engine/Plugins/Slate/SlateRemote/SlateRemote.uplugin
LogInit: Using libcurl 7.47.1
LogInit:  - built for x86_64-pc-win32
LogInit:  - supports SSL with WinSSL
LogInit:  - other features:
LogInit:      CURL_VERSION_SSL
LogInit:      CURL_VERSION_IPV6
LogInit:      CURL_VERSION_ASYNCHDNS
LogInit:      CURL_VERSION_LARGEFILE
LogInit:      CURL_VERSION_IDN
LogInit:  CurlRequestOptions (configurable via config and command line):
LogInit:  - bVerifyPeer = false  - Libcurl will NOT verify peer certificate
LogInit:  - bUseHttpProxy = false  - Libcurl will NOT use HTTP proxy
LogInit:  - bDontReuseConnections = false  - Libcurl will reuse connections
LogInit:  - CertBundlePath = nullptr  - Libcurl will use whatever was configured at build time.
OCULUS: Info: [CAPI] LibOVR module is located at C:\Program Files\Oculus\Support\oculus-runtime\LibOVRRT64_1.dll
OCULUS: Debug: Connected to the server running version (prod = 1).1.7.0(build = 270909) feature version = 0. Client runs version (prod = 1).1.7.0(build = 270909) feature version = 0
OCULUS: Debug: [HMDState] Using default profile default
OCULUS: Info: IAD changed to 62.2mm
OCULUS: Debug: [SharedMemory] Creating factory
LogInit: Build: ++UE4+Release-4.13-CL-3106830
LogInit: Engine Version: 4.13.0-3106830+++UE4+Release-4.13
LogInit: Compatible Engine Version: 4.13.0-3106830+++UE4+Release-4.13
LogInit: Net CL: 3106830
LogDevObjectVersion: Number of dev versions registered: 13
LogDevObjectVersion:   Dev-Blueprints (B0D832E4-1F89-4F0D-ACCF-7EB736FD4AA2): 5
LogDevObjectVersion:   Dev-Build (E1C64328-A22C-4D53-A36C-8E866417BD8C): 0
LogDevObjectVersion:   Dev-Core (375EC13C-06E4-48FB-B500-84F0262A717E): 1
LogDevObjectVersion:   Dev-Editor (E4B068ED-F494-42E9-A231-DA0B2E46BB41): 6
LogDevObjectVersion:   Dev-Framework (CFFC743F-43B0-4480-9391-14DF171D2073): 12
LogDevObjectVersion:   Dev-Mobile (B02B49B5-BB20-44E9-A304-32B752E40360): 0
LogDevObjectVersion:   Dev-Networking (A4E4105C-59A1-49B5-A7C5-40C4547EDFEE): 0
LogDevObjectVersion:   Dev-Online (39C831C9-5AE6-47DC-9A44-9C173E1C8E7C): 0
LogDevObjectVersion:   Dev-Physics (78F01B33-EBEA-4F98-B9B4-84EACCB95AA2): 0
LogDevObjectVersion:   Dev-Platform (6631380F-2D4D-43E0-8009-CF276956A95A): 0
LogDevObjectVersion:   Dev-Rendering (12F88B9F-8875-4AFC-A67C-D90C383ABD29): 4
LogDevObjectVersion:   Dev-Sequencer (7B5AE74C-D270-4C10-A958-57980B212A5A): 0
LogDevObjectVersion:   Dev-VR (D7296918-1DD6-4BDD-9DE2-64A83CC13884): 0
LogInit: Compiled (64-bit): Aug 30 2016 18:11:39
LogInit: Compiled with Visual C++: 19.00.23026.00
LogInit: Build Configuration: Development
LogInit: Branch Name: ++UE4+Release-4.13
LogInit: Command line: -EpicPortal 
LogInit: Base directory: G:/Program Files (x86)/Epic Games/4.13/Engine/Binaries/Win64/
LogInit: Installed Engine Build: 1
LogInit: Presizing for max 8388607 objects, including 0 objects not considered by GC, pre-allocating 0 bytes for permanent pool.
LogInit: Object subsystem initialized
[2016.09.08-00.40.33:021][  0]LogInit: Selected Device Profile: [Windows]
[2016.09.08-00.40.33:021][  0]LogInit: Applying CVar settings loaded from the selected device profile: [Windows]
[2016.09.08-00.40.33:029][  0]LogInit: Computer: DESKTOP-TNTRBKN
[2016.09.08-00.40.33:029][  0]LogInit: User: darkg
[2016.09.08-00.40.33:029][  0]LogInit: CPU Page size=65536, Cores=4
[2016.09.08-00.40.33:029][  0]LogInit: High frequency timer resolution =3.417959 MHz
[2016.09.08-00.40.33:029][  0]LogMemory: Memory total: Physical=7.8GB (8GB approx)
[2016.09.08-00.40.33:029][  0]LogMemory: Platform Memory Stats for Windows
[2016.09.08-00.40.33:029][  0]LogMemory: Process Physical Memory: 260.54 MB used, 260.54 MB peak
[2016.09.08-00.40.33:029][  0]LogMemory: Process Virtual Memory: 263.09 MB used, 263.09 MB peak
[2016.09.08-00.40.33:029][  0]LogMemory: Physical Memory: 5038.47 MB used, 8028.78 MB total
[2016.09.08-00.40.33:029][  0]LogMemory: Virtual Memory: 662.80 MB used, 134217728.00 MB total
[2016.09.08-00.40.33:050][  0]LogTextLocalizationManager: No specific translations for ('en-US') exist, so ('en') translations will be used.
[2016.09.08-00.40.33:473][  0]LogD3D11RHI: D3D11 adapters:
[2016.09.08-00.40.33:501][  0]LogD3D11RHI:    0. 'NVIDIA GeForce GTX 1070' (Feature Level 11_0)
[2016.09.08-00.40.33:501][  0]LogD3D11RHI:       8145/0/4014 MB DedicatedVideo/DedicatedSystem/SharedSystem, Outputs:1, VendorId:0x10de
[2016.09.08-00.40.33:507][  0]LogD3D11RHI:    1. 'Intel(R) HD Graphics 4600' (Feature Level 11_0)
[2016.09.08-00.40.33:507][  0]LogD3D11RHI:       112/0/2048 MB DedicatedVideo/DedicatedSystem/SharedSystem, Outputs:1, VendorId:0x8086
[2016.09.08-00.40.33:508][  0]LogD3D11RHI:    2. 'Microsoft Basic Render Driver' (Feature Level 11_0)
[2016.09.08-00.40.33:508][  0]LogD3D11RHI:       0/0/4014 MB DedicatedVideo/DedicatedSystem/SharedSystem, Outputs:0, VendorId:0x1414
[2016.09.08-00.40.33:508][  0]LogD3D11RHI: Chosen D3D11 Adapter: 0
[2016.09.08-00.40.33:512][  0]LogD3D11RHI: Creating new Direct3DDevice
[2016.09.08-00.40.33:512][  0]LogD3D11RHI:     GPU DeviceId: 0x1b81 (for the marketing name, search the web for "GPU Device Id")
[2016.09.08-00.40.33:512][  0]LogWindows: EnumDisplayDevices:
[2016.09.08-00.40.33:512][  0]LogWindows:    0. 'NVIDIA GeForce GTX 1070' (P:1 D:1)
[2016.09.08-00.40.33:513][  0]LogWindows:    1. 'NVIDIA GeForce GTX 1070' (P:0 D:0)
[2016.09.08-00.40.33:513][  0]LogWindows:    2. 'NVIDIA GeForce GTX 1070' (P:0 D:0)
[2016.09.08-00.40.33:513][  0]LogWindows:    3. 'NVIDIA GeForce GTX 1070' (P:0 D:0)
[2016.09.08-00.40.33:513][  0]LogWindows:    4. 'Intel(R) HD Graphics 4600' (P:0 D:1)
[2016.09.08-00.40.33:513][  0]LogWindows:    5. 'Intel(R) HD Graphics 4600' (P:0 D:0)
[2016.09.08-00.40.33:513][  0]LogWindows:    6. 'Intel(R) HD Graphics 4600' (P:0 D:0)
[2016.09.08-00.40.33:513][  0]LogWindows:    7. 'Mirage Driver' (P:0 D:0)
[2016.09.08-00.40.33:513][  0]LogWindows: DebugString: PrimaryIsNotTheChoosenAdapter PrimaryIsNotTheChoosenAdapter PrimaryIsNotTheChoosenAdapter GetVideoDriverDetailsInvalid PrimaryIsNotTheChoosenAdapter FoundDriverCount:4 
[2016.09.08-00.40.33:513][  0]LogD3D11RHI:     Adapter Name: NVIDIA GeForce GTX 1070
[2016.09.08-00.40.33:513][  0]LogD3D11RHI:   Driver Version: 372.70 (internal:21.21.13.7270, unified:372.70)
[2016.09.08-00.40.33:513][  0]LogD3D11RHI:      Driver Date: 8-25-2016
[2016.09.08-00.40.33:513][  0]LogRHI: Texture pool is 1361 MB (70% of 1945 MB)
[2016.09.08-00.40.33:526][  0]LogD3D11RHI: Async texture creation enabled
[2016.09.08-00.40.33:543][  0]LogD3D11RHI: GPU Timing Frequency: 1000.000000 (Debug: 2 2)
[2016.09.08-00.40.33:543][  0]LogShaderCompilers: Guid format shader working directory is 0 characters bigger than the processId version (../../../../../../Documents/Unreal Projects/VR/Intermediate/Shaders/WorkingDirectory/3172/).
[2016.09.08-00.40.33:543][  0]LogShaderCompilers: Cleaned the shader compiler working directory 'C:/Users/darkg/AppData/Local/Temp/UnrealShaderWorkingDir/963112424B162DA59E7D2DB49D98161E/'.
[2016.09.08-00.40.33:543][  0]LogShaderCompilers:Display: Using Local Shader Compiler.
[2016.09.08-00.40.34:246][  0]LogTemp:Display: Loaded TP AllDesktopTargetPlatform
[2016.09.08-00.40.34:251][  0]LogTemp:Display: Loaded TP WindowsClientTargetPlatform
[2016.09.08-00.40.34:256][  0]LogTemp:Display: Loaded TP WindowsNoEditorTargetPlatform
[2016.09.08-00.40.34:261][  0]LogTemp:Display: Loaded TP WindowsServerTargetPlatform
[2016.09.08-00.40.34:265][  0]LogTemp:Display: Loaded TP WindowsTargetPlatform
[2016.09.08-00.40.34:270][  0]LogTemp:Display: Loaded TP AndroidTargetPlatform
[2016.09.08-00.40.34:274][  0]LogTemp:Display: Loaded TP Android_ASTCTargetPlatform
[2016.09.08-00.40.34:279][  0]LogTemp:Display: Loaded TP Android_ATCTargetPlatform
[2016.09.08-00.40.34:283][  0]LogTemp:Display: Loaded TP Android_DXTTargetPlatform
[2016.09.08-00.40.34:288][  0]LogTemp:Display: Loaded TP Android_ETC1TargetPlatform
[2016.09.08-00.40.34:292][  0]LogTemp:Display: Loaded TP Android_ETC2TargetPlatform
[2016.09.08-00.40.34:301][  0]LogTemp:Display: Loaded TP Android_MultiTargetPlatform
[2016.09.08-00.40.34:301][  0]LogTemp:Display: Loaded TP Android_PVRTCTargetPlatform
[2016.09.08-00.40.34:302][  0]LogTemp:Display: Loaded TP HTML5TargetPlatform
[2016.09.08-00.40.34:318][  0]LogTemp:Display: Loaded TP IOSTargetPlatform
[2016.09.08-00.40.34:322][  0]LogTemp:Display: Loaded TP TVOSTargetPlatform
[2016.09.08-00.40.34:327][  0]LogTemp:Display: Loaded TP LinuxClientTargetPlatform
[2016.09.08-00.40.34:332][  0]LogTemp:Display: Loaded TP LinuxNoEditorTargetPlatform
[2016.09.08-00.40.34:337][  0]LogTemp:Display: Loaded TP LinuxServerTargetPlatform
[2016.09.08-00.40.34:341][  0]LogTemp:Display: Loaded TP LinuxTargetPlatform
[2016.09.08-00.40.34:341][  0]LogTargetPlatformManager:Display: Building Assets For Windows
[2016.09.08-00.40.34:374][  0]LogDerivedDataCache:Display: Max Cache Size: 512 MB
[2016.09.08-00.40.34:426][  0]LogDerivedDataCache: Loaded boot cache 0.05s 62MB C:/Users/darkg/AppData/Local/UnrealEngine/4.13/DerivedDataCache/Boot.ddc.
[2016.09.08-00.40.34:426][  0]LogDerivedDataCache:Display: Loaded Boot cache: C:/Users/darkg/AppData/Local/UnrealEngine/4.13/DerivedDataCache/Boot.ddc
[2016.09.08-00.40.34:426][  0]LogDerivedDataCache: FDerivedDataBackendGraph:  Pak pak cache file ../../../../../../Documents/Unreal Projects/VR/DerivedDataCache/DDC.ddp not found, will not use a pak cache.
[2016.09.08-00.40.34:426][  0]LogDerivedDataCache: Unable to find inner node Pak for hierarchical cache Hierarchy.
[2016.09.08-00.40.34:426][  0]LogDerivedDataCache: FDerivedDataBackendGraph:  CompressedPak pak cache file ../../../../../../Documents/Unreal Projects/VR/DerivedDataCache/Compressed.ddp not found, will not use a pak cache.
[2016.09.08-00.40.34:426][  0]LogDerivedDataCache: Unable to find inner node CompressedPak for hierarchical cache Hierarchy.
[2016.09.08-00.40.34:438][  0]LogDerivedDataCache:Display: Pak cache opened for reading ../../../Engine/DerivedDataCache/Compressed.ddp.
[2016.09.08-00.40.34:449][  0]LogDerivedDataCache: Using Local data cache path C:/Users/darkg/AppData/Local/UnrealEngine/Common/DerivedDataCache: Writable
[2016.09.08-00.40.34:587][  0]LogInit: Selected Device Profile: [Windows]
[2016.09.08-00.40.34:589][  0]LogContentStreaming: Texture pool size is 0.00 MB
[2016.09.08-00.40.34:649][  0]LogMeshUtilities: No automatic mesh reduction module available
[2016.09.08-00.40.34:649][  0]LogMeshUtilities: No automatic mesh merging module available
[2016.09.08-00.40.34:649][  0]LogMeshUtilities: No distributed automatic mesh merging module available
[2016.09.08-00.40.34:692][  0]LogMaterial: Uniform references updated for custom material expression Custom.
[2016.09.08-00.40.34:920][  0]LogNetVersion: GetLocalNetworkVersion: CL: 3106830, ProjectName: vr, ProjectVersion: , EngineNetworkVersion: 1, GameNetworkVersion: 0, NetworkChecksum: 1381121468
[2016.09.08-00.40.34:951][  0]LogAssetRegistry: FAssetRegistry took 0.0217 seconds to start up
[2016.09.08-00.40.34:970][  0]LogPackageLocalizationCache: Processed 3 localized package path(s) for 2 prioritized culture(s) in 0.018278 seconds
[2016.09.08-00.40.34:975][  0]LogUObjectArray: 29777 objects as part of root set at end of initial load.
[2016.09.08-00.40.34:975][  0]LogUObjectAllocator: 6124696 out of 0 bytes used by permanent object pool.
[2016.09.08-00.40.34:975][  0]LogUObjectArray: CloseDisregardForGC: 0/0 objects in disregard for GC pool
[2016.09.08-00.40.34:978][  0]LogInit: WinSock: version 1.1 (2.2), MaxSocks=32767, MaxUdp=65467
[2016.09.08-00.40.35:102][  0]LogSlate: SlateFontCache - WITH_FREETYPE: 1, WITH_HARFBUZZ: 1
[2016.09.08-00.40.35:102][  0]LogSlate: SlateFontCache - WITH_FREETYPE: 1, WITH_HARFBUZZ: 1
[2016.09.08-00.40.35:535][  0]LogUdpMessaging: Initializing bridge on interface 0.0.0.0:0 to multicast group 230.0.0.1:6666.
[2016.09.08-00.40.35:695][  0]SourceControl: Info Source control is disabled
[2016.09.08-00.40.35:800][  0]LogSourceControl:Error: '../../../../../../Documents/Unreal Projects/VR/' is not part of a Git repository
[2016.09.08-00.40.35:874][  0]LogSourceControl:Error: '../../../../../../Documents/Unreal Projects/VR/' is not part of a Git repository
[2016.09.08-00.40.35:947][  0]LogSourceControl:Error: '../../../../../../Documents/Unreal Projects/VR/' is not part of a Git repository
[2016.09.08-00.40.36:090][  0]LogEngine: Initializing Engine...
[2016.09.08-00.40.36:090][  0]LogHMD: Oculus plugin initialized. Version: 4.13.0-3106830+++UE4+Release-4.13, LibOVR: 1.7.0, SDK: 1.6.0, built Aug 30 2016, 18:13:21
[2016.09.08-00.40.36:183][  0]OCULUS: Debug: [HMDState] Using default profile default
[2016.09.08-00.40.36:183][  0]OCULUS: Info: IAD changed to 62.2mm
[2016.09.08-00.40.36:188][  0]LogAIModule: Creating AISystem for world Untitled
[2016.09.08-00.40.36:202][  0]LogInit: XAudio2 using 'Speakers (Sound Blaster Z)' : 6 channels at 48 kHz using 32 bits per sample (channel mask 0x3f)
[2016.09.08-00.40.36:210][  0]LogInit: FAudioDevice initialized.
[2016.09.08-00.40.36:237][  0]LogDerivedDataCache: Saved boot cache 0.03s 62MB C:/Users/darkg/AppData/Local/UnrealEngine/4.13/DerivedDataCache/Boot.ddc.
[2016.09.08-00.40.36:244][  0]LogInit: Texture streaming: Enabled
[2016.09.08-00.40.36:308][  0]LogInit: Transaction tracking system initialized
[2016.09.08-00.40.36:317][  0]BlueprintLog: New page: Editor Load
[2016.09.08-00.40.36:455][  0]LocalizationService: Info Localization service is disabled
[2016.09.08-00.40.36:498][  0]LogConsoleResponse:Display: 
[2016.09.08-00.40.36:649][  0]LogCook:Display: Max memory allowance for cook 16384mb min free memory 0mb
[2016.09.08-00.40.36:649][  0]LogCook:Display: Mobile HDR setting 1
[2016.09.08-00.40.36:785][  0]LogFileCache: Scanning file cache for directory 'G:/Documents/Unreal Projects/VR/Content/' took 0.03s
[2016.09.08-00.40.36:785][  0]LogSourceControl:Error: '../../../../../../Documents/Unreal Projects/VR/' is not part of a Git repository
[2016.09.08-00.40.36:785][  0]Cmd: MAP LOAD FILE="../../../../../../Documents/Unreal Projects/VR/Content/StarterContent/Maps/Minimal_Default.umap" TEMPLATE=0 SHOWPROGRESS=1 FEATURELEVEL=3
[2016.09.08-00.40.36:887][  0]LightingResults: New page: Lighting Build
[2016.09.08-00.40.36:888][  0]MapCheck: New page: Map Check
[2016.09.08-00.40.36:888][  0]LightingResults: New page: Lighting Build
[2016.09.08-00.40.38:446][  0]LogAIModule: Creating AISystem for world Minimal_Default
[2016.09.08-00.40.38:764][  0]LogEditorServer: Finished looking for orphan Actors (0.000 secs)
[2016.09.08-00.40.38:804][  0]Cmd: MAP CHECKDEP NOCLEARLOG
[2016.09.08-00.40.38:828][  0]MapCheck: Info Map check complete: 0 Error(s), 0 Warning(s), took 23.629ms to complete.
[2016.09.08-00.40.38:828][  0]LogFileHelpers: Loading map 'Minimal_Default' took 2.043
[2016.09.08-00.40.40:040][  0]LogCollectionManager: Loaded 1 collections in 0.006669 seconds
[2016.09.08-00.40.40:419][  0]LogFileCache: Scanning file cache for directory 'G:/Documents/Unreal Projects/VR/Saved/Collections/' took 0.01s
[2016.09.08-00.40.40:419][  0]LogFileCache: Scanning file cache for directory 'G:/Documents/Unreal Projects/VR/Content/Developers/darkg/Collections/' took 0.01s
[2016.09.08-00.40.40:419][  0]LogFileCache: Scanning file cache for directory 'G:/Documents/Unreal Projects/VR/Content/Collections/' took 0.01s
[2016.09.08-00.40.40:419][  0]LogCollectionManager: Rebuilt the GUID cache for 1 collections in 0.000004 seconds
[2016.09.08-00.40.40:419][  0]LogCollectionManager: Rebuilt the hierarchy cache for 1 collections in 0.000000 seconds
[2016.09.08-00.40.40:461][  0]LogContentBrowser: Native class hierarchy populated in 0.0152 seconds. Added 2141 classes and 415 folders.
[2016.09.08-00.40.41:291][  0]LogStats: UGameplayTagsManager::ConstructGameplayTagTree: Construct from data asset -  0.000 s
[2016.09.08-00.40.41:291][  0]LogStats: UGameplayTagsManager::ConstructGameplayTagTree: GameplayTagTreeChangedEvent.Broadcast -  0.000 s
[2016.09.08-00.40.41:302][  0]LogContentBrowser: Native class hierarchy updated for 'GameplayTags' in 0.0105 seconds. Added 12 classes and 0 folders.
[2016.09.08-00.40.41:369][  0]LogContentBrowser: Native class hierarchy updated for 'WidgetCarousel' in 0.0003 seconds. Added 0 classes and 0 folders.
[2016.09.08-00.40.42:764][  0]LogContentBrowser: Native class hierarchy updated for 'AddContentDialog' in 0.0003 seconds. Added 0 classes and 0 folders.
[2016.09.08-00.40.42:955][  0]LogContentBrowser: Native class hierarchy updated for 'SceneOutliner' in 0.0003 seconds. Added 1 classes and 2 folders.
[2016.09.08-00.40.43:927][  0]LogCrashTracker: Crashtracker disabled due to settings.
[2016.09.08-00.40.44:251][  0]LogUObjectGlobals:Warning: Failed to find object 'Class None.'
[2016.09.08-00.40.44:313][  0]LogContentBrowser: Native class hierarchy updated for 'HierarchicalLODOutliner' in 0.0004 seconds. Added 1 classes and 2 folders.
[2016.09.08-00.40.44:313][  0]LogLoad: (Engine Initialization) Total time: 11.95 seconds
[2016.09.08-00.40.44:313][  0]LogLoad: (Engine Initialization) Total Blueprint compile time: 0.15 seconds
[2016.09.08-00.40.44:313][  0]LogExternalProfiler: Found external profiler: VSPerf
[2016.09.08-00.40.44:313][  0]LogExternalProfiler: Using external profiler: VSPerf
[2016.09.08-00.40.44:322][  0]LogWindowsTextInputMethodSystem:Display: IME system now deactivated.
[2016.09.08-00.40.44:322][  0]LogOcInput: OculusInput pre-init called
[2016.09.08-00.40.44:329][  0]LogOcInput: OculusInput is initialized. Init status 0. Runtime version: 1.7.0
[2016.09.08-00.40.44:411][  0]LogContentStreaming: Texture pool size now 800 MB
[2016.09.08-00.40.45:020][  0]LogRenderer: Reallocating scene render targets to support 1208x576 (Frame:2).
[2016.09.08-00.40.45:461][  1]LogAssetRegistry: Asset discovery search completed in 10.5309 seconds
[2016.09.08-00.40.45:461][  1]LogCollectionManager: Rebuilt the object cache for 1 collections in 0.000006 seconds (found 0 objects)
[2016.09.08-00.40.45:461][  1]LogCollectionManager: Fixed up redirectors for 1 collections in 0.000018 seconds (updated 0 objects)
[2016.09.08-00.40.53:687][425]LogDirectoryWatcher:Warning: Failed to begin reading directory changes for ../../../../../../Documents/Unreal Projects/VR/Plugins/. Error: The system cannot find the file specified. (0x00000002)
[2016.09.08-00.41.01:568][515]LogDirectoryWatcher: A directory notification for '../../../Engine/Plugins/' was aborted.
[2016.09.08-00.41.56:894][898]SourceControl: Info On branch master
[2016.09.08-00.41.56:894][898]SourceControl: Info Untracked files:
[2016.09.08-00.41.56:894][898]SourceControl: Info   (use "git add <file>..." to include in what will be committed)
[2016.09.08-00.41.56:894][898]SourceControl: Info 	Build/
[2016.09.08-00.41.56:894][898]SourceControl: Info nothing added to commit but untracked files present (use "git add" to track)
[2016.09.08-00.42.02:486][950]SourceControl: Info fatal: G:/Program Files (x86)/Epic Games/4.13/Engine/Content/: 'G:/Program Files (x86)/Epic Games/4.13/Engine/Content/' is outside repository
[2016.09.08-00.42.02:595][950]EditorErrors:Warning: Warning No assets to check in!
[2016.09.08-00.42.13:628][ 25]LogSavePackage: Save=418.15ms
[2016.09.08-00.42.13:628][ 25]LogSavePackage: Moving '../../../../../../Documents/Unreal Projects/VR/Saved/Minimal_DefaultA7579AE347E3A8348F2D8DBD2F3438A8.tmp' to '../../../../../../Documents/Unreal Projects/VR/Content/StarterContent/Maps/Minimal_Default.umap'
[2016.09.08-00.42.13:629][ 25]LogSavePackage:Display: Finished SavePackage ../../../../../../Documents/Unreal Projects/VR/Content/StarterContent/Maps/Minimal_Default.umap
[2016.09.08-00.42.43:654][773]SourceControl: Info On branch master
[2016.09.08-00.42.43:654][773]SourceControl: Info Changes not staged for commit:
[2016.09.08-00.42.43:654][773]SourceControl: Info   (use "git add <file>..." to update what will be committed)
[2016.09.08-00.42.43:654][773]SourceControl: Info   (use "git checkout -- <file>..." to discard changes in working directory)
[2016.09.08-00.42.43:654][773]SourceControl: Info 	modified:   Content/StarterContent/Maps/Minimal_Default.umap
[2016.09.08-00.42.43:654][773]SourceControl: Info Untracked files:
[2016.09.08-00.42.43:654][773]SourceControl: Info   (use "git add <file>..." to include in what will be committed)
[2016.09.08-00.42.43:654][773]SourceControl: Info 	Build/
[2016.09.08-00.42.43:654][773]SourceControl: Info no changes added to commit (use "git add" and/or "git commit -a")
[2016.09.08-00.49.59:656][486]SourceControl: Info Source control is disabled
[2016.09.08-00.50.05:137][603]LogSourceControl:Error: '../../../../../../Documents/Unreal Projects/VR/' is not part of a Git repository
[2016.09.08-00.50.39:181][699]SourceControl: Info On branch master
[2016.09.08-00.50.39:181][699]SourceControl: Info Untracked files:
[2016.09.08-00.50.39:181][699]SourceControl: Info   (use "git add <file>..." to include in what will be committed)
[2016.09.08-00.50.39:181][699]SourceControl: Info 	Build/
[2016.09.08-00.50.39:181][699]SourceControl: Info nothing added to commit but untracked files present (use "git add" to track)
[2016.09.08-01.20.34:461][542]LogEditorViewport: Clicking on Actor (LMB): BP_Sky_Sphere_C (BP_Sky_Sphere)
[2016.09.08-01.20.52:795][457]LogEditorViewport: Clicking on Actor (LMB): StaticMeshActor (Floor)
[2016.09.08-01.20.53:861][515]LogEditorViewport: Clicking on Actor (LMB): PlayerStart (Player Start)
[2016.09.08-01.22.57:748][140]LogEditorViewport: Clicking on Actor (LMB): StaticMeshActor (Floor)
[2016.09.08-02.06.40:798][286]LogTexture:Display: Building textures: HDRI_Epic_Courtyard_Daylight (RGBA16F)
[2016.09.08-02.06.47:110][286]LogContentBrowser: Native class hierarchy updated for 'TextureEditor' in 0.0240 seconds. Added 1 classes and 2 folders.
[2016.09.08-02.07.22:092][490]LogMaterial: Missing cached shader map for material HDRI_Epic_Courtyard_Daylight_Mat, compiling. 
[2016.09.08-02.07.22:115][490]LogMaterial:Warning: Failed to compile Material /Game/StarterContent/HDRI/HDRI_Epic_Courtyard_Daylight_Mat.HDRI_Epic_Courtyard_Daylight_Mat for platform PCD3D_SM5, Default Material will be used in game.
[2016.09.08-02.07.22:115][490]LogMaterial:Warning: 	(Node TextureSample) Coercion failed: Parameters.TexCoords[0].xy: float2 -> float3
[2016.09.08-02.07.22:471][491]LogMaterial:Warning: Material /Game/StarterContent/HDRI/HDRI_Epic_Courtyard_Daylight_Mat.HDRI_Epic_Courtyard_Daylight_Mat needed to have new flag set bUsedWithStaticLighting !
[2016.09.08-02.07.22:526][491]LogMaterial: Missing cached shader map for material HDRI_Epic_Courtyard_Daylight_Mat, compiling. 
[2016.09.08-02.07.22:526][491]LogMaterial:Warning: Failed to compile Material /Game/StarterContent/HDRI/HDRI_Epic_Courtyard_Daylight_Mat.HDRI_Epic_Courtyard_Daylight_Mat for platform PCD3D_SM5, Default Material will be used in game.
[2016.09.08-02.07.22:526][491]LogMaterial:Warning: 	(Node TextureSample) Coercion failed: Parameters.TexCoords[0].xy: float2 -> float3
[2016.09.08-02.07.22:537][491]LogMaterial: 0.01 seconds spent updating 1 materials, 1 interfaces, 0 instances, 0 with static permutations.
[2016.09.08-02.07.28:525][612]Cmd: TRANSACTION UNDO
[2016.09.08-02.07.28:525][612]LogEditorTransaction: Undo Create Actors
[2016.09.08-02.08.19:005][307]LogFileHelpers: Editor autosave (incl. sublevels) for '/Game/StarterContent/Maps/Minimal_Default' took 0.005
[2016.09.08-02.18.23:210][121]LogBlueprintUserMessages: Early PlayInEditor Detection: Level '/Game/StarterContent/Maps/Minimal_Default.Minimal_Default:PersistentLevel' has LevelScriptBlueprint '/Game/StarterContent/Maps/Minimal_Default.Minimal_Default:PersistentLevel.Minimal_Default' with GeneratedClass '/Game/StarterContent/Maps/Minimal_Default.Minimal_Default_C' with ClassGeneratedBy '/Game/StarterContent/Maps/Minimal_Default.Minimal_Default:PersistentLevel.Minimal_Default'
[2016.09.08-02.18.23:237][121]LogPlayLevel: PlayLevel: No blueprints needed recompiling
[2016.09.08-02.18.23:299][121]OCULUS: Debug: [HMDState] Using default profile default
[2016.09.08-02.18.23:299][121]OCULUS: Info: IAD changed to 62.2mm
[2016.09.08-02.18.23:299][121]LogHMD: New ovr session is created
[2016.09.08-02.18.23:307][121]LogHMD: HMD Oculus Rift CV1, res = 2160 x 1200
[2016.09.08-02.18.23:471][121]PIE: New page: PIE session: Minimal_Default (Sep 7, 2016, 5:18:23 PM)
[2016.09.08-02.18.23:487][121]LogPlayLevel: Creating play world package: /Game/StarterContent/Maps/UEDPIE_0_Minimal_Default
[2016.09.08-02.18.24:051][121]LogPlayLevel: PIE: StaticDuplicateObject took: (0.563946s)
[2016.09.08-02.18.24:238][121]LogAIModule: Creating AISystem for world Minimal_Default
[2016.09.08-02.18.24:289][121]LogPlayLevel: PIE: World Init took: (0.237780s)
[2016.09.08-02.18.24:303][121]LogPlayLevel: PIE: Created PIE world by copying editor world from /Game/StarterContent/Maps/Minimal_Default.Minimal_Default to /Game/StarterContent/Maps/UEDPIE_0_Minimal_Default.Minimal_Default (0.816952s)
[2016.09.08-02.18.24:400][121]LogInit: XAudio2 using 'Headphones (Rift Audio)' : 2 channels at 48 kHz using 16 bits per sample (channel mask 0x3)
[2016.09.08-02.18.24:422][121]LogInit: FAudioDevice initialized.
[2016.09.08-02.18.24:780][121]LogWorld: Game class is 'GameMode'
[2016.09.08-02.18.25:390][121]LogWorld: Bringing World /Game/StarterContent/Maps/UEDPIE_0_Minimal_Default.Minimal_Default up for play (max tick rate 0) at 2016.09.07-22.18.25
[2016.09.08-02.18.25:443][121]LogWorld: Bringing up level for play took: 0.484628
[2016.09.08-02.18.25:619][121]LogContentBrowser: Native class hierarchy updated for 'MovieSceneCapture' in 0.0008 seconds. Added 11 classes and 0 folders.
[2016.09.08-02.18.25:637][121]LogGameMode:Display: Match State Changed from EnteringMap to WaitingToStart
[2016.09.08-02.18.25:638][121]LogGameState: Match State Changed from EnteringMap to WaitingToStart
[2016.09.08-02.18.25:638][121]LogGameMode:Display: Match State Changed from WaitingToStart to InProgress
[2016.09.08-02.18.25:738][121]Cmd: stereo on
[2016.09.08-02.18.25:891][121]Cmd: hmd sp 100
[2016.09.08-02.18.25:898][121]Cmd: hmd mirror off
[2016.09.08-02.18.25:898][121]Mirroring is currently OFF
[2016.09.08-02.18.25:946][121]LogGameState: Match State Changed from WaitingToStart to InProgress
[2016.09.08-02.18.25:974][121]PIE: Info Play in editor start time for /Game/StarterContent/Maps/UEDPIE_0_Minimal_Default 3.749
[2016.09.08-02.18.26:009][121]LogBlueprintUserMessages: Late PlayInEditor Detection: Level '/Game/StarterContent/Maps/Minimal_Default.Minimal_Default:PersistentLevel' has LevelScriptBlueprint '/Game/StarterContent/Maps/Minimal_Default.Minimal_Default:PersistentLevel.Minimal_Default' with GeneratedClass '/Game/StarterContent/Maps/Minimal_Default.Minimal_Default_C' with ClassGeneratedBy '/Game/StarterContent/Maps/Minimal_Default.Minimal_Default:PersistentLevel.Minimal_Default'
[2016.09.08-02.18.26:068][121]LogHMD: Vision Tracking Acquired
[2016.09.08-02.18.26:492][121]LogHMD: Reallocation of eye buffer was requested
[2016.09.08-02.18.26:501][121]LogHMD: Allocated a new swap texture set (size 2048 x 1200, mipcount = 1), 0x000002B5151730A0
[2016.09.08-02.18.26:757][121]LogRenderer: Reallocating scene render targets to support 2040x1200 (Frame:4768).
[2016.09.08-02.18.27:098][149]LogHMD:Warning: Error at SubmitFrame, err = -6000
[2016.09.08-02.18.27:098][149]LogHMD: Freeing textureSet 0x000002B5151730A0
[2016.09.08-02.18.27:098][149]LogHMD: DisplayLost, mark texturesets invalid....
[2016.09.08-02.18.27:154][149]LogHMD: Destroying ovr session
[2016.09.08-02.18.27:225][149]OCULUS: Debug: [HMDState] Using default profile default
[2016.09.08-02.18.27:225][149]OCULUS: Info: IAD changed to 62.2mm
[2016.09.08-02.18.27:225][149]LogHMD: New ovr session is created
[2016.09.08-02.18.27:225][149]LogHMD: HMD Oculus Rift CV1, res = 2160 x 1200
[2016.09.08-02.18.27:231][149]LogHMD: Reallocation of eye buffer was requested
[2016.09.08-02.18.27:923][149]LogHMD: Allocated a new swap texture set (size 2048 x 1200, mipcount = 1), 0x000002B52BE87A20
[2016.09.08-02.18.28:019][150]LogHMD: Allocated a new mirror texture (size 1280 x 720)
[2016.09.08-02.18.28:123][152]OCULUS: Info: [HMDState] Requested to SetForegroundWindow(1d0a2ell)
[2016.09.08-02.18.28:140][152]OCULUS: Info: [HMDState] Requested to SetForegroundWindow(1d0a2ell)
[2016.09.08-02.18.28:235][153]OCULUS: Info: [HMDState] Requested to SetForegroundWindow(1d0a2ell)
[2016.09.08-02.18.28:256][153]OCULUS: Info: [HMDState] Requested to SetForegroundWindow(1d0a2ell)
[2016.09.08-02.18.28:274][153]OCULUS: Info: [HMDState] Requested to SetForegroundWindow(1d0a2ell)
[2016.09.08-02.18.28:293][153]OCULUS: Info: [HMDState] Requested to SetForegroundWindow(1d0a2ell)
[2016.09.08-02.18.29:924][170]OCULUS: Info: [HMDState] Requested to SetForegroundWindow(1d0a2ell)
[2016.09.08-02.18.34:763][220]OCULUS: Info: [HMDState] Requested to SetForegroundWindow(1d0a2ell)
[2016.09.08-02.18.36:375][236]LogHMD: Lost Vision Tracking
[2016.09.08-02.18.36:762][240]LogHMD: Vision Tracking Acquired
[2016.09.08-02.19.08:423][570]OCULUS: Info: [HMDState] Requested to SetForegroundWindow(1d0a2ell)
[2016.09.08-02.19.08:821][574]LogBlueprintUserMessages: Early EndPlayMap Detection: Level '/Game/StarterContent/Maps/Minimal_Default.Minimal_Default:PersistentLevel' has LevelScriptBlueprint '/Game/StarterContent/Maps/Minimal_Default.Minimal_Default:PersistentLevel.Minimal_Default' with GeneratedClass '/Game/StarterContent/Maps/Minimal_Default.Minimal_Default_C' with ClassGeneratedBy '/Game/StarterContent/Maps/Minimal_Default.Minimal_Default:PersistentLevel.Minimal_Default'
[2016.09.08-02.19.08:897][574]LogHMD: Destroying ovr session
[2016.09.08-02.19.08:897][574]LogHMD: Freeing textureSet 0x000002B52BE87A20
[2016.09.08-02.19.08:904][574]OCULUS: Info: [HMDState] Requested to SetForegroundWindow(1d0a2ell)
[2016.09.08-02.19.09:226][574]LogBlueprintUserMessages: Late EndPlayMap Detection: Level '/Game/StarterContent/Maps/Minimal_Default.Minimal_Default:PersistentLevel' has LevelScriptBlueprint '/Game/StarterContent/Maps/Minimal_Default.Minimal_Default:PersistentLevel.Minimal_Default' with GeneratedClass '/Game/StarterContent/Maps/Minimal_Default.Minimal_Default_C' with ClassGeneratedBy '/Game/StarterContent/Maps/Minimal_Default.Minimal_Default:PersistentLevel.Minimal_Default'
[2016.09.08-02.19.26:672][  1]OCULUS: Info: [HMDState] Requested to SetForegroundWindow(609c8ll)
[2016.09.08-02.19.52:287][332]LogFileHelpers: Editor autosave (incl. sublevels) for '/Game/StarterContent/Maps/Minimal_Default' took 0.006
[2016.09.08-02.19.59:900][356]OCULUS: Info: [HMDState] Requested to SetForegroundWindow(609c8ll)
[2016.09.08-02.19.59:900][356]OCULUS: Info: [HMDState] Requested to SetForegroundWindow(609c8ll)
[2016.09.08-02.20.18:828][522]OCULUS: Info: [HMDState] Requested to SetForegroundWindow(609c8ll)
[2016.09.08-02.21.31:669][915]Cmd: QUIT_EDITOR
[2016.09.08-02.21.32:549][915]LogWindowsTextInputMethodSystem:Display: IME system now deactivated.
[2016.09.08-02.21.32:568][915]LogExit: Preparing to exit.
[2016.09.08-02.21.33:376][915]LogDirectoryWatcher: A directory notification for 'G:/Documents/Unreal Projects/VR/Content/' was aborted.
[2016.09.08-02.21.33:437][915]LogExit: Editor shut down
[2016.09.08-02.21.33:437][915]LogExit: Transaction tracking system shut down
[2016.09.08-02.21.33:579][915]LogObj: Freed 0b from 0 cluster array pools.
[2016.09.08-02.21.33:579][915]LogExit: Object subsystem successfully closed.
[2016.09.08-02.21.33:604][915]LogD3D11RHI: Shutdown
[2016.09.08-02.21.33:604][915]LogD3D11RHI: CleanupD3DDevice
[2016.09.08-02.21.33:606][915]LogD3D11RHI: ~FD3D11DynamicRHI
[2016.09.08-02.21.33:628][915]LogModuleManager: Shutting down and abandoning module MovieSceneCapture (235)
[2016.09.08-02.21.33:628][915]LogModuleManager: Shutting down and abandoning module TextureEditor (234)
[2016.09.08-02.21.33:640][915]LogModuleManager: Shutting down and abandoning module HierarchicalLODOutliner (233)
[2016.09.08-02.21.33:640][915]LogModuleManager: Shutting down and abandoning module CrashTracker (232)
[2016.09.08-02.21.33:640][915]LogModuleManager: Shutting down and abandoning module SceneOutliner (231)
[2016.09.08-02.21.33:640][915]LogModuleManager: Shutting down and abandoning module WidgetCarousel (230)
[2016.09.08-02.21.33:640][915]LogModuleManager: Shutting down and abandoning module AddContentDialog (229)
[2016.09.08-02.21.33:641][915]LogDirectoryWatcher: A directory notification for 'G:/Program Files (x86)/Epic Games/4.13/FeaturePacks/' was aborted.
[2016.09.08-02.21.33:645][915]LogModuleManager: Shutting down and abandoning module GameplayTags (228)
[2016.09.08-02.21.33:645][915]LogModuleManager: Shutting down and abandoning module EditorWidgets (227)
[2016.09.08-02.21.33:645][915]LogModuleManager: Shutting down and abandoning module CollectionManager (226)
[2016.09.08-02.21.33:645][915]LogDirectoryWatcher: A directory notification for 'G:/Documents/Unreal Projects/VR/Content/Collections/' was aborted.
[2016.09.08-02.21.33:645][915]LogDirectoryWatcher: A directory notification for 'G:/Documents/Unreal Projects/VR/Content/Developers/darkg/Collections/' was aborted.
[2016.09.08-02.21.33:645][915]LogDirectoryWatcher: A directory notification for 'G:/Documents/Unreal Projects/VR/Saved/Collections/' was aborted.
[2016.09.08-02.21.33:645][915]LogModuleManager: Shutting down and abandoning module StatsViewer (225)
[2016.09.08-02.21.33:646][915]LogModuleManager: Shutting down and abandoning module FoliageEdit (224)
[2016.09.08-02.21.33:646][915]LogModuleManager: Shutting down and abandoning module LandscapeEditor (223)
[2016.09.08-02.21.33:646][915]LogModuleManager: Shutting down and abandoning module SceneDepthPickerMode (222)
[2016.09.08-02.21.33:646][915]LogModuleManager: Shutting down and abandoning module ActorPickerMode (221)
[2016.09.08-02.21.33:646][915]LogModuleManager: Shutting down and abandoning module GeometryMode (220)
[2016.09.08-02.21.33:646][915]LogModuleManager: Shutting down and abandoning module TextureAlignMode (219)
[2016.09.08-02.21.33:646][915]LogModuleManager: Shutting down and abandoning module BspMode (218)
[2016.09.08-02.21.33:646][915]LogModuleManager: Shutting down and abandoning module HardwareSurvey (217)
[2016.09.08-02.21.33:646][915]LogModuleManager: Shutting down and abandoning module SequenceRecorderSections (216)
[2016.09.08-02.21.33:646][915]LogModuleManager: Shutting down and abandoning module SequenceRecorder (215)
[2016.09.08-02.21.33:646][915]LogModuleManager: Shutting down and abandoning module AutomationWorker (214)
[2016.09.08-02.21.33:646][915]LogModuleManager: Shutting down and abandoning module MatineeToLevelSequence (213)
[2016.09.08-02.21.33:646][915]LogModuleManager: Shutting down and abandoning module PlacementMode (212)
[2016.09.08-02.21.33:646][915]LogModuleManager: Shutting down and abandoning module LevelSequenceEditor (211)
[2016.09.08-02.21.33:646][915]LogModuleManager: Shutting down and abandoning module WmfMediaFactory (210)
[2016.09.08-02.21.33:646][915]LogModuleManager: Shutting down and abandoning module WmfMediaEditor (209)
[2016.09.08-02.21.33:646][915]LogModuleManager: Shutting down and abandoning module AvfMediaFactory (208)
[2016.09.08-02.21.33:646][915]LogModuleManager: Shutting down and abandoning module AvfMediaEditor (207)
[2016.09.08-02.21.33:646][915]LogModuleManager: Shutting down and abandoning module Media (206)
[2016.09.08-02.21.33:646][915]LogModuleManager: Shutting down and abandoning module AndroidMediaFactory (205)
[2016.09.08-02.21.33:646][915]LogModuleManager: Shutting down and abandoning module AndroidMediaEditor (204)
[2016.09.08-02.21.33:646][915]LogModuleManager: Shutting down and abandoning module CharacterAI (203)
[2016.09.08-02.21.33:646][915]LogModuleManager: Shutting down and abandoning module SmartSnapping (202)
[2016.09.08-02.21.33:646][915]LogModuleManager: Shutting down and abandoning module SessionServices (201)
[2016.09.08-02.21.33:646][915]LogModuleManager: Shutting down and abandoning module ViewportSnapping (200)
[2016.09.08-02.21.33:646][915]LogModuleManager: Shutting down and abandoning module ViewportInteraction (199)
[2016.09.08-02.21.33:646][915]LogModuleManager: Shutting down and abandoning module LogVisualizer (198)
[2016.09.08-02.21.33:658][915]LogModuleManager: Shutting down and abandoning module GameProjectGeneration (197)
[2016.09.08-02.21.33:670][915]LogModuleManager: Shutting down and abandoning module IntroTutorials (196)
[2016.09.08-02.21.33:679][915]LogModuleManager: Shutting down and abandoning module EditorLiveStreaming (195)
[2016.09.08-02.21.33:679][915]LogModuleManager: Shutting down and abandoning module IOSPlatformEditor (194)
[2016.09.08-02.21.33:688][915]LogModuleManager: Shutting down and abandoning module HTML5PlatformEditor (193)
[2016.09.08-02.21.33:688][915]LogModuleManager: Shutting down and abandoning module AndroidDeviceDetection (192)
[2016.09.08-02.21.34:272][915]LogModuleManager: Shutting down and abandoning module AndroidPlatformEditor (191)
[2016.09.08-02.21.34:272][915]LogModuleManager: Shutting down and abandoning module IOSRuntimeSettings (190)
[2016.09.08-02.21.34:272][915]LogModuleManager: Shutting down and abandoning module AndroidRuntimeSettings (189)
[2016.09.08-02.21.34:272][915]LogModuleManager: Shutting down and abandoning module NiagaraEditor (188)
[2016.09.08-02.21.34:272][915]LogModuleManager: Shutting down and abandoning module MergeActors (187)
[2016.09.08-02.21.34:272][915]LogModuleManager: Shutting down and abandoning module SizeMap (186)
[2016.09.08-02.21.34:272][915]LogModuleManager: Shutting down and abandoning module TreeMap (185)
[2016.09.08-02.21.34:272][915]LogModuleManager: Shutting down and abandoning module ReferenceViewer (184)
[2016.09.08-02.21.34:272][915]LogModuleManager: Shutting down and abandoning module LocalizationService (183)
[2016.09.08-02.21.34:272][915]LogModuleManager: Shutting down and abandoning module LocalizationDashboard (182)
[2016.09.08-02.21.34:272][915]LogModuleManager: Shutting down and abandoning module HardwareTargeting (181)
[2016.09.08-02.21.34:272][915]LogModuleManager: Shutting down and abandoning module DeviceProfileEditor (180)
[2016.09.08-02.21.34:272][915]LogModuleManager: Shutting down and abandoning module UndoHistory (179)
[2016.09.08-02.21.34:272][915]LogModuleManager: Shutting down and abandoning module UserFeedback (178)
[2016.09.08-02.21.34:272][915]LogModuleManager: Shutting down and abandoning module XmlParser (177)
[2016.09.08-02.21.34:272][915]LogModuleManager: Shutting down and abandoning module Blutility (176)
[2016.09.08-02.21.34:272][915]LogModuleManager: Shutting down and abandoning module ProjectTargetPlatformEditor (175)
[2016.09.08-02.21.34:273][915]LogModuleManager: Shutting down and abandoning module ProjectSettingsViewer (174)
[2016.09.08-02.21.34:273][915]LogModuleManager: Shutting down and abandoning module InputBindingEditor (173)
[2016.09.08-02.21.34:273][915]LogModuleManager: Shutting down and abandoning module EditorSettingsViewer (172)
[2016.09.08-02.21.34:273][915]LogModuleManager: Shutting down and abandoning module SettingsEditor (171)
[2016.09.08-02.21.34:273][915]LogModuleManager: Shutting down and abandoning module ProjectLauncher (170)
[2016.09.08-02.21.34:273][915]LogModuleManager: Shutting down and abandoning module SessionFrontend (169)
[2016.09.08-02.21.34:273][915]LogModuleManager: Shutting down and abandoning module ProfilerClient (168)
[2016.09.08-02.21.34:273][915]LogModuleManager: Shutting down and abandoning module TargetDeviceServices (167)
[2016.09.08-02.21.34:273][915]LogModuleManager: Shutting down and abandoning module DeviceManager (166)
[2016.09.08-02.21.34:326][915]LogModuleManager: Shutting down and abandoning module AutomationController (165)
[2016.09.08-02.21.34:326][915]LogModuleManager: Shutting down and abandoning module AutomationWindow (164)
[2016.09.08-02.21.34:326][915]LogModuleManager: Shutting down and abandoning module Layers (163)
[2016.09.08-02.21.34:326][915]LogModuleManager: Shutting down and abandoning module ComponentVisualizers (162)
[2016.09.08-02.21.34:326][915]LogModuleManager: Shutting down and abandoning module DetailCustomizations (161)
[2016.09.08-02.21.34:326][915]LogModuleManager: Shutting down and abandoning module PackagesDialog (160)
[2016.09.08-02.21.34:328][915]LogModuleManager: Shutting down and abandoning module AnimGraph (159)
[2016.09.08-02.21.34:328][915]LogModuleManager: Shutting down and abandoning module Persona (158)
[2016.09.08-02.21.34:351][915]LogModuleManager: Shutting down and abandoning module Kismet (157)
[2016.09.08-02.21.34:360][915]LogModuleManager: Shutting down and abandoning module GraphEditor (156)
[2016.09.08-02.21.34:401][915]LogModuleManager: Shutting down and abandoning module ClassViewer (155)
[2016.09.08-02.21.34:406][915]LogModuleManager: Shutting down and abandoning module Toolbox (154)
[2016.09.08-02.21.34:406][915]LogModuleManager: Shutting down and abandoning module ModuleUI (153)
[2016.09.08-02.21.34:413][915]LogModuleManager: Shutting down and abandoning module MovieSceneTools (152)
[2016.09.08-02.21.34:439][915]LogModuleManager: Shutting down and abandoning module OutputLog (151)
[2016.09.08-02.21.34:443][915]LogModuleManager: Shutting down and abandoning module GammaUI (150)
[2016.09.08-02.21.34:448][915]LogModuleManager: Shutting down and abandoning module Documentation (149)
[2016.09.08-02.21.34:448][915]LogModuleManager: Shutting down and abandoning module Niagara (148)
[2016.09.08-02.21.34:455][915]LogModuleManager: Shutting down and abandoning module StreamingPauseRendering (147)
[2016.09.08-02.21.34:455][915]LogModuleManager: Shutting down and abandoning module AnalyticsET (146)
[2016.09.08-02.21.34:455][915]LogModuleManager: Shutting down and abandoning module PortalServices (145)
[2016.09.08-02.21.34:455][915]LogModuleManager: Shutting down and abandoning module PortalRpc (144)
[2016.09.08-02.21.34:455][915]LogModuleManager: Shutting down and abandoning module MessagingRpc (143)
[2016.09.08-02.21.34:455][915]LogModuleManager: Shutting down and abandoning module GameplayDebugger (142)
[2016.09.08-02.21.34:466][915]LogModuleManager: Shutting down and abandoning module AITestSuite (141)
[2016.09.08-02.21.34:474][915]LogModuleManager: Shutting down and abandoning module AIModule (140)
[2016.09.08-02.21.34:474][915]LogModuleManager: Shutting down and abandoning module ProfilerService (139)
[2016.09.08-02.21.34:571][915]LogModuleManager: Shutting down and abandoning module TaskGraph (138)
[2016.09.08-02.21.34:572][915]LogModuleManager: Shutting down and abandoning module SlateRemote (137)
[2016.09.08-02.21.34:572][915]LogModuleManager: Shutting down and abandoning module SteamVRController (136)
[2016.09.08-02.21.34:572][915]LogModuleManager: Shutting down and abandoning module SteamVR (135)
[2016.09.08-02.21.34:572][915]LogModuleManager: Shutting down and abandoning module ProceduralMeshComponentEditor (134)
[2016.09.08-02.21.34:572][915]LogModuleManager: Shutting down and abandoning module ProceduralMeshComponent (133)
[2016.09.08-02.21.34:572][915]LogModuleManager: Shutting down and abandoning module OculusLibrary (132)
[2016.09.08-02.21.34:572][915]LogModuleManager: Shutting down and abandoning module OculusInput (131)
[2016.09.08-02.21.34:572][915]LogModuleManager: Shutting down and abandoning module CustomMeshComponent (130)
[2016.09.08-02.21.34:572][915]LogModuleManager: Shutting down and abandoning module CableComponent (129)
[2016.09.08-02.21.34:572][915]LogModuleManager: Shutting down and abandoning module ArchVisCharacter (128)
[2016.09.08-02.21.34:572][915]LogModuleManager: Shutting down and abandoning module MediaPlayerEditor (126)
[2016.09.08-02.21.34:572][915]LogModuleManager: Shutting down and abandoning module HTML5Networking (125)
[2016.09.08-02.21.34:572][915]LogModuleManager: Shutting down and abandoning module GeometryCacheEd (124)
[2016.09.08-02.21.34:572][915]LogModuleManager: Shutting down and abandoning module GeometryCache (123)
[2016.09.08-02.21.34:572][915]LogModuleManager: Shutting down and abandoning module AlembicLibrary (122)
[2016.09.08-02.21.34:572][915]LogModuleManager: Shutting down and abandoning module AlembicImporter (121)
[2016.09.08-02.21.34:572][915]LogModuleManager: Shutting down and abandoning module SuperSearch (120)
[2016.09.08-02.21.34:572][915]LogModuleManager: Shutting down and abandoning module SuperSearchEditor (119)
[2016.09.08-02.21.34:572][915]LogModuleManager: Shutting down and abandoning module SpeedTreeImporter (118)
[2016.09.08-02.21.34:572][915]LogModuleManager: Shutting down and abandoning module PluginBrowser (117)
[2016.09.08-02.21.34:572][915]LogModuleManager: Shutting down and abandoning module MobileLauncherProfileWizard (116)
[2016.09.08-02.21.34:572][915]LogModuleManager: Shutting down and abandoning module EpicSurvey (115)
[2016.09.08-02.21.34:572][915]LogModuleManager: Shutting down and abandoning module DesktopPlatform (114)
[2016.09.08-02.21.34:585][915]LogModuleManager: Shutting down and abandoning module VisualStudioSourceCodeAccess (113)
[2016.09.08-02.21.34:599][915]LogModuleManager: Shutting down and abandoning module UObjectPlugin (112)
[2016.09.08-02.21.34:599][915]LogModuleManager: Shutting down and abandoning module SubversionSourceControl (111)
[2016.09.08-02.21.34:603][915]LogModuleManager: Shutting down and abandoning module PerforceSourceControl (110)
[2016.09.08-02.21.34:606][915]LogModuleManager: Shutting down and abandoning module SourceControl (109)
[2016.09.08-02.21.34:625][915]LogModuleManager: Shutting down and abandoning module GitSourceControl (108)
[2016.09.08-02.21.34:632][915]LogModuleManager: Shutting down and abandoning module LightPropagationVolumeEditor (107)
[2016.09.08-02.21.34:632][915]LogModuleManager: Shutting down and abandoning module PaperTiledImporter (106)
[2016.09.08-02.21.34:645][915]LogModuleManager: Shutting down and abandoning module PaperSpriteSheetImporter (105)
[2016.09.08-02.21.34:645][915]LogModuleManager: Shutting down and abandoning module MeshPaint (104)
[2016.09.08-02.21.34:645][915]LogModuleManager: Shutting down and abandoning module FbxAutomationBuilderModule (103)
[2016.09.08-02.21.34:666][915]LogModuleManager: Shutting down and abandoning module PixelInspectorModule (102)
[2016.09.08-02.21.34:687][915]LogModuleManager: Shutting down and abandoning module HotReload (101)
[2016.09.08-02.21.34:713][915]LogModuleManager: Shutting down and abandoning module MainFrame (100)
[2016.09.08-02.21.34:713][915]LogModuleManager: Shutting down and abandoning module LevelEditor (99)
[2016.09.08-02.21.34:714][915]LogModuleManager: Shutting down and abandoning module ContentBrowser (98)
[2016.09.08-02.21.34:715][915]LogModuleManager: Shutting down and abandoning module Paper2DEditor (97)
[2016.09.08-02.21.34:732][915]LogModuleManager: Shutting down and abandoning module UdpMessaging (96)
[2016.09.08-02.21.34:833][915]LogModuleManager: Shutting down and abandoning module TcpMessaging (95)
[2016.09.08-02.21.34:875][915]LogModuleManager: Shutting down and abandoning module LightPropagationVolumeRuntime (94)
[2016.09.08-02.21.34:875][915]LogModuleManager: Shutting down and abandoning module Paper2D (93)
[2016.09.08-02.21.34:889][915]LogModuleManager: Shutting down and abandoning module WindowsMoviePlayer (92)
[2016.09.08-02.21.34:897][915]LogModuleManager: Shutting down and abandoning module WmfMedia (91)
[2016.09.08-02.21.34:912][915]LogModuleManager: Shutting down and abandoning module MediaAssets (90)
[2016.09.08-02.21.34:912][915]LogModuleManager: Shutting down and abandoning module GameLiveStreaming (89)
[2016.09.08-02.21.34:921][915]LogModuleManager: Shutting down and abandoning module GameplayTagsEditor (88)
[2016.09.08-02.21.34:929][915]LogModuleManager: Shutting down and abandoning module VREditor (87)
[2016.09.08-02.21.34:929][915]LogModuleManager: Shutting down and abandoning module GameplayTasksEditor (86)
[2016.09.08-02.21.34:929][915]LogModuleManager: Shutting down and abandoning module PropertyEditor (85)
[2016.09.08-02.21.34:939][915]LogModuleManager: Shutting down and abandoning module BehaviorTreeEditor (84)
[2016.09.08-02.21.34:972][915]LogModuleManager: Shutting down and abandoning module FunctionalTesting (83)
[2016.09.08-02.21.34:972][915]LogModuleManager: Shutting down and abandoning module CollisionAnalyzer (82)
[2016.09.08-02.21.34:986][915]LogModuleManager: Shutting down and abandoning module Sequencer (81)
[2016.09.08-02.21.35:019][915]LogModuleManager: Shutting down and abandoning module WorkspaceMenuStructure (80)
[2016.09.08-02.21.35:020][915]LogModuleManager: Shutting down and abandoning module MessageLog (79)
[2016.09.08-02.21.35:020][915]LogModuleManager: Shutting down and abandoning module AssetTools (78)
[2016.09.08-02.21.35:043][915]LogModuleManager: Shutting down and abandoning module UMGEditor (77)
[2016.09.08-02.21.35:070][915]LogModuleManager: Shutting down and abandoning module UMG (76)
[2016.09.08-02.21.35:078][915]LogModuleManager: Shutting down and abandoning module SlateReflector (75)
[2016.09.08-02.21.35:089][915]LogModuleManager: Shutting down and abandoning module Slate (74)
[2016.09.08-02.21.35:089][915]LogModuleManager: Shutting down and abandoning module EditorStyle (73)
[2016.09.08-02.21.35:091][915]LogModuleManager: Shutting down and abandoning module SourceCodeAccess (72)
[2016.09.08-02.21.35:091][915]LogModuleManager: Shutting down and abandoning module HeadMountedDisplay (71)
[2016.09.08-02.21.35:091][915]LogModuleManager: Shutting down and abandoning module XAudio2 (70)
[2016.09.08-02.21.35:091][915]LogModuleManager: Shutting down and abandoning module Networking (68)
[2016.09.08-02.21.35:091][915]LogModuleManager: Shutting down and abandoning module Core (67)
[2016.09.08-02.21.35:091][915]LogModuleManager: Shutting down and abandoning module DirectoryWatcher (66)
[2016.09.08-02.21.35:091][915]LogDirectoryWatcher: A directory notification for '../../../Engine/Content/' was aborted.
[2016.09.08-02.21.35:092][915]LogDirectoryWatcher: A directory notification for '../../../../../../Documents/Unreal Projects/VR/Content/' was aborted.
[2016.09.08-02.21.35:092][915]LogDirectoryWatcher: A directory notification for '../../../Engine/Plugins/2D/Paper2D/Content/' was aborted.
[2016.09.08-02.21.35:095][915]LogModuleManager: Shutting down and abandoning module AssetRegistry (65)
[2016.09.08-02.21.35:290][915]LogModuleManager: Shutting down and abandoning module KismetCompiler (64)
[2016.09.08-02.21.35:290][915]LogModuleManager: Shutting down and abandoning module PhysXFormats (63)
[2016.09.08-02.21.35:290][915]LogModuleManager: Shutting down and abandoning module MeshUtilities (62)
[2016.09.08-02.21.35:290][915]LogModuleManager: Shutting down and abandoning module DerivedDataCache (61)
[2016.09.08-02.21.35:363][915]LogDerivedDataCache: Shutdown
[2016.09.08-02.21.35:363][915]LogModuleManager: Shutting down and abandoning module VulkanShaderFormat (60)
[2016.09.08-02.21.35:363][915]LogModuleManager: Shutting down and abandoning module ShaderFormatOpenGL (59)
[2016.09.08-02.21.35:363][915]LogModuleManager: Shutting down and abandoning module ShaderFormatD3D (58)
[2016.09.08-02.21.35:363][915]LogModuleManager: Shutting down and abandoning module MetalShaderFormat (57)
[2016.09.08-02.21.35:363][915]LogModuleManager: Shutting down and abandoning module TextureFormatUncompressed (56)
[2016.09.08-02.21.35:363][915]LogModuleManager: Shutting down and abandoning module TextureFormatPVR (55)
[2016.09.08-02.21.35:363][915]LogModuleManager: Shutting down and abandoning module TextureFormatDXT (54)
[2016.09.08-02.21.35:363][915]LogModuleManager: Shutting down and abandoning module TextureFormatIntelISPCTexComp (53)
[2016.09.08-02.21.35:363][915]LogModuleManager: Shutting down and abandoning module ImageWrapper (52)
[2016.09.08-02.21.35:363][915]LogModuleManager: Shutting down and abandoning module TextureFormatASTC (51)
[2016.09.08-02.21.35:363][915]LogModuleManager: Shutting down and abandoning module TextureFormatAndroid (50)
[2016.09.08-02.21.35:363][915]LogModuleManager: Shutting down and abandoning module AudioFormatOpus (49)
[2016.09.08-02.21.35:363][915]LogModuleManager: Shutting down and abandoning module AudioFormatOgg (48)
[2016.09.08-02.21.35:363][915]LogModuleManager: Shutting down and abandoning module AudioFormatADPCM (47)
[2016.09.08-02.21.35:363][915]LogModuleManager: Shutting down and abandoning module LinuxTargetPlatform (46)
[2016.09.08-02.21.35:363][915]LogModuleManager: Shutting down and abandoning module LinuxServerTargetPlatform (45)
[2016.09.08-02.21.35:363][915]LogModuleManager: Shutting down and abandoning module LinuxNoEditorTargetPlatform (44)
[2016.09.08-02.21.35:363][915]LogModuleManager: Shutting down and abandoning module LinuxClientTargetPlatform (43)
[2016.09.08-02.21.35:363][915]LogModuleManager: Shutting down and abandoning module TVOSTargetPlatform (42)
[2016.09.08-02.21.35:363][915]LogModuleManager: Shutting down and abandoning module Messaging (41)
[2016.09.08-02.21.35:363][915]LogModuleManager: Shutting down and abandoning module IOSTargetPlatform (40)
[2016.09.08-02.21.35:364][915]LogModuleManager: Shutting down and abandoning module HTML5TargetPlatform (39)
[2016.09.08-02.21.35:364][915]LogModuleManager: Shutting down and abandoning module Android_PVRTCTargetPlatform (38)
[2016.09.08-02.21.35:364][915]LogModuleManager: Shutting down and abandoning module Android_MultiTargetPlatform (37)
[2016.09.08-02.21.35:364][915]LogModuleManager: Shutting down and abandoning module Android_ETC2TargetPlatform (36)
[2016.09.08-02.21.35:364][915]LogModuleManager: Shutting down and abandoning module Android_ETC1TargetPlatform (35)
[2016.09.08-02.21.35:364][915]LogModuleManager: Shutting down and abandoning module Android_DXTTargetPlatform (34)
[2016.09.08-02.21.35:364][915]LogModuleManager: Shutting down and abandoning module Android_ATCTargetPlatform (33)
[2016.09.08-02.21.35:364][915]LogModuleManager: Shutting down and abandoning module Android_ASTCTargetPlatform (32)
[2016.09.08-02.21.35:364][915]LogModuleManager: Shutting down and abandoning module AndroidTargetPlatform (31)
[2016.09.08-02.21.35:364][915]LogModuleManager: Shutting down and abandoning module WindowsTargetPlatform (30)
[2016.09.08-02.21.35:364][915]LogModuleManager: Shutting down and abandoning module WindowsServerTargetPlatform (29)
[2016.09.08-02.21.35:364][915]LogModuleManager: Shutting down and abandoning module WindowsNoEditorTargetPlatform (28)
[2016.09.08-02.21.35:364][915]LogModuleManager: Shutting down and abandoning module WindowsClientTargetPlatform (27)
[2016.09.08-02.21.35:364][915]LogModuleManager: Shutting down and abandoning module AllDesktopTargetPlatform (26)
[2016.09.08-02.21.35:364][915]LogModuleManager: Shutting down and abandoning module TargetPlatform (25)
[2016.09.08-02.21.35:364][915]LogModuleManager: Shutting down and abandoning module InputCore (24)
[2016.09.08-02.21.35:364][915]LogModuleManager: Shutting down and abandoning module Settings (23)
[2016.09.08-02.21.35:364][915]LogModuleManager: Shutting down and abandoning module OculusRift (22)
[2016.09.08-02.21.35:364][915]LogHMD: Oculus shutdown.
[2016.09.08-02.21.35:364][915]LogModuleManager: Shutting down and abandoning module GearVR (21)
[2016.09.08-02.21.35:364][915]LogModuleManager: Shutting down and abandoning module ExampleDeviceProfileSelector (20)
[2016.09.08-02.21.35:364][915]LogModuleManager: Shutting down and abandoning module OnlineBlueprintSupport (19)
[2016.09.08-02.21.35:364][915]LogModuleManager: Shutting down and abandoning module OnlineSubsystem (17)
[2016.09.08-02.21.35:364][915]LogOnline:Display: Unloading online subsystem: NULL
[2016.09.08-02.21.35:364][915]LogModuleManager: Shutting down and abandoning module HTTP (16)
[2016.09.08-02.21.35:364][915]LogHttp:Display: Http module shutting down, but needs to wait on 1 outstanding Http requests:
[2016.09.08-02.21.35:364][915]LogHttp:Display: 	verb=[POST] url=[https://datarouter.ol.epicgames.com/datarouter/api/v1/public/data?SessionID=%7B7423805F-40C3-759A-1B85-4CA722502A37%7D&AppID=UEEditor.Rocket.Release&AppVersion=%2B%2BUE4%2BRelease-4.13-CL-3106830&UserID=31f88ee24984733ef71a648617cfecc4%7C2cff5c03f83e42cda82da18e3cc719d3%7Cbb4e0c09-273a-4140-8694-6ca9b1bd2aee&AppEnvironment=datacollector-binary&UploadType=eteventstream] status=Processing
[2016.09.08-02.21.35:373][915]LogModuleManager: Shutting down and abandoning module XMPP (15)
[2016.09.08-02.21.35:373][915]LogModuleManager: Shutting down and abandoning module TextureCompressor (14)
[2016.09.08-02.21.35:373][915]LogModuleManager: Shutting down and abandoning module ShaderCore (13)
[2016.09.08-02.21.35:373][915]LogModuleManager: Shutting down and abandoning module Landscape (12)
[2016.09.08-02.21.35:373][915]LogModuleManager: Shutting down and abandoning module SlateRHIRenderer (11)
[2016.09.08-02.21.35:376][915]LogModuleManager: Shutting down and abandoning module OpenGLDrv (10)
[2016.09.08-02.21.35:376][915]LogModuleManager: Shutting down and abandoning module D3D11RHI (9)
[2016.09.08-02.21.35:377][915]LogModuleManager: Shutting down and abandoning module AnimGraphRuntime (8)
[2016.09.08-02.21.35:377][915]LogModuleManager: Shutting down and abandoning module Renderer (7)
[2016.09.08-02.21.35:377][915]LogModuleManager: Shutting down and abandoning module Engine (6)
[2016.09.08-02.21.35:377][915]LogModuleManager: Shutting down and abandoning module CoreUObject (5)
[2016.09.08-02.21.35:377][915]LogModuleManager: Shutting down and abandoning module NetworkFile (4)
[2016.09.08-02.21.35:384][915]LogModuleManager: Shutting down and abandoning module StreamingFile (3)
[2016.09.08-02.21.35:384][915]LogModuleManager: Shutting down and abandoning module SandboxFile (2)
[2016.09.08-02.21.35:396][915]LogModuleManager: Shutting down and abandoning module PakFile (1)
[2016.09.08-02.21.35:433][915]LogExit: Exiting.
[2016.09.08-02.21.35:443][915]Log file closed, 09/07/16 22:21:35
